<?xml version="1.0" encoding="UTF-8"?>
<testsuite name="com.chatkit.compose.ChatModelsTest" tests="6" skipped="0" failures="0" errors="0" timestamp="2026-08-20T13:22:03.357Z" hostname="Lushais-Mac-mini-2.local" time="0.013">
  <properties/>
  <testcase name="progressIsClampedForRendering" classname="com.chatkit.compose.ChatModelsTest" time="0.002"/>
  <testcase name="mimeTypeTakesPriorityOverExtension" classname="com.chatkit.compose.ChatModelsTest" time="0.002"/>
  <testcase name="optimisticRowsAreRemovedWhenHostEchoesTheirId" classname="com.chatkit.compose.ChatModelsTest" time="0.006"/>
  <testcase name="incomingDirectionIsExposed" classname="com.chatkit.compose.ChatModelsTest" time="0.001"/>
  <testcase name="attachmentKindsUseMimeTypeOrExtension" classname="com.chatkit.compose.ChatModelsTest" time="0.0"/>
  <testcase name="editEligibilityHonorsDirectionTextAndWindow" classname="com.chatkit.compose.ChatModelsTest" time="0.001"/>
  <system-out><![CDATA[]]></system-out>
  <system-err><![CDATA[]]></system-err>
</testsuite>
