<?xml version="1.0" encoding="UTF-8"?>
<testsuite name="com.chatkit.compose.DaySeparatorsTest" tests="2" skipped="0" failures="0" errors="0" timestamp="2026-08-20T13:22:03.371Z" hostname="Lushais-Mac-mini-2.local" time="0.005">
  <properties/>
  <testcase name="transcriptInsertsDayPillsBetweenDays" classname="com.chatkit.compose.DaySeparatorsTest" time="0.004"/>
  <testcase name="labelsUseTodayYesterdayAndFormattedDates" classname="com.chatkit.compose.DaySeparatorsTest" time="0.001"/>
  <system-out><![CDATA[]]></system-out>
  <system-err><![CDATA[]]></system-err>
</testsuite>
